0 info it worked if it ends with ok
1 verbose cli [ 'C:\\Program Files (x86)\\Nodist\\v-x64\\6.3.1\\node.exe',
1 verbose cli   'C:\\Program Files (x86)\\Nodist\\npmv\\3.10.3\\bin\\npm-cli.js',
1 verbose cli   'run',
1 verbose cli   'start:prod' ]
2 info using npm@3.10.3
3 info using node@v6.3.1
4 verbose run-script [ 'prestart:prod', 'start:prod', 'poststart:prod' ]
5 info lifecycle tutorial@1.0.0~prestart:prod: tutorial@1.0.0
6 silly lifecycle tutorial@1.0.0~prestart:prod: no script for prestart:prod, continuing
7 info lifecycle tutorial@1.0.0~start:prod: tutorial@1.0.0
8 verbose lifecycle tutorial@1.0.0~start:prod: unsafe-perm in lifecycle true
9 verbose lifecycle tutorial@1.0.0~start:prod: PATH: C:\Program Files (x86)\Nodist\npmv\3.10.3\bin\node-gyp-bin;C:\Users\Treefish\react-tutorial\react-router-tutorial\lessons\01-setting-up\node_modules\.bin;C:\Program Files (x86)\Nodist\v-x64\6.3.1;C:\Program Files (x86)\Nodist\npmv\3.10.3\bin\node-gyp-bin;C:\Users\Treefish\react-tutorial\react-router-tutorial\lessons\01-setting-up\node_modules\.bin;C:\Program Files (x86)\Nodist\v-x64\6.3.1;C:\Program Files (x86)\Git\cmd;C:\ProgramData\Oracle\Java\javapath;c:\program files\graphicsmagick-1.3.23-q8;C:\Python27\;C:\Python27\Scripts;C:\Program Files (x86)\Intel\iCLS Client\;C:\Program Files\Intel\iCLS Client\;C:\Program Files\Java\jdk1.7.0_79\bin;C:\WINDOWS\system32;C:\WINDOWS;C:\WINDOWS\System32\Wbem;C:\WINDOWS\System32\WindowsPowerShell\v1.0\;C:\Program Files\Intel\Intel(R) Management Engine Components\DAL;C:\Program Files\Intel\Intel(R) Management Engine Components\IPT;C:\Program Files (x86)\Intel\Intel(R) Management Engine Components\DAL;C:\Program Files (x86)\Intel\Intel(R) Management Engine Components\IPT;C:\Program Files\Lenovo\Bluetooth Software\;C:\Program Files\Lenovo\Bluetooth Software\syswow64;C:\Program Files (x86)\Intel\OpenCL SDK\2.0\bin\x86;C:\Program Files (x86)\Intel\OpenCL SDK\2.0\bin\x64;C:\Program Files (x86)\Windows Live\Shared;C:\cygwin64\bin;C:\HashiCorp\Vagrant\bin;C:\Program Files (x86)\Heroku\bin;C:\Program Files (x86)\git\cmd;C:\Program Files (x86)\Skype\Phone\;C:\MongoDB\bin;C:\Python27\Scripts\pylint.bat;C:\ProgramData\chocolatey\bin;C:\Program Files (x86)\Nodist\bin;C:\Program Files (x86)\Git\usr\bin;C:\Program Files (x86)\Google\google_appengine;C:\Ruby21\bin;C:\Python27\Lib\site-packages\;C:\Python27\Script\;C:\Users\Treefish\AppData\Local\atom\bin;C:\Users\Treefish\AppData\Local\Google\Cloud SDK\google-cloud-sdk\bin;C:\Users\Treefish\AppData\Local\.meteor\;C:\Users\username\AppData\Roaming\npm
10 verbose lifecycle tutorial@1.0.0~start:prod: CWD: C:\Users\Treefish\react-tutorial\react-router-tutorial\lessons\01-setting-up
11 silly lifecycle tutorial@1.0.0~start:prod: Args: [ '/d /s /c', 'npm run build && node server.bundle.js' ]
12 silly lifecycle tutorial@1.0.0~start:prod: Returned: code: 1  signal: null
13 info lifecycle tutorial@1.0.0~start:prod: Failed to exec start:prod script
14 verbose stack Error: tutorial@1.0.0 start:prod: `npm run build && node server.bundle.js`
14 verbose stack Exit status 1
14 verbose stack     at EventEmitter.<anonymous> (C:\Program Files (x86)\Nodist\npmv\3.10.3\lib\utils\lifecycle.js:242:16)
14 verbose stack     at emitTwo (events.js:106:13)
14 verbose stack     at EventEmitter.emit (events.js:191:7)
14 verbose stack     at ChildProcess.<anonymous> (C:\Program Files (x86)\Nodist\npmv\3.10.3\lib\utils\spawn.js:40:14)
14 verbose stack     at emitTwo (events.js:106:13)
14 verbose stack     at ChildProcess.emit (events.js:191:7)
14 verbose stack     at maybeClose (internal/child_process.js:852:16)
14 verbose stack     at Process.ChildProcess._handle.onexit (internal/child_process.js:215:5)
15 verbose pkgid tutorial@1.0.0
16 verbose cwd C:\Users\Treefish\react-tutorial\react-router-tutorial\lessons\01-setting-up
17 error Windows_NT 10.0.10586
18 error argv "C:\\Program Files (x86)\\Nodist\\v-x64\\6.3.1\\node.exe" "C:\\Program Files (x86)\\Nodist\\npmv\\3.10.3\\bin\\npm-cli.js" "run" "start:prod"
19 error node v6.3.1
20 error npm  v3.10.3
21 error code ELIFECYCLE
22 error tutorial@1.0.0 start:prod: `npm run build && node server.bundle.js`
22 error Exit status 1
23 error Failed at the tutorial@1.0.0 start:prod script 'npm run build && node server.bundle.js'.
23 error Make sure you have the latest version of node.js and npm installed.
23 error If you do, this is most likely a problem with the tutorial package,
23 error not with npm itself.
23 error Tell the author that this fails on your system:
23 error     npm run build && node server.bundle.js
23 error You can get information on how to open an issue for this project with:
23 error     npm bugs tutorial
23 error Or if that isn't available, you can get their info via:
23 error     npm owner ls tutorial
23 error There is likely additional logging output above.
24 verbose exit [ 1, true ]
